<?xml version="1.0" encoding="UTF-8"?>
<Site BuildName="Win32-MSBuild"
	BuildStamp="20240923-0811-Experimental"
	Name="DESKTOP-JA1DH7E"
	Generator="ctest-3.25.2"
	CompilerName="C:/Program Files/Microsoft Visual Studio/2022/Community/VC/Tools/MSVC/14.34.31933/bin/Hostx64/x64/cl.exe"
	CompilerVersion="19.34.31937.0"
	OSName="Windows"
	Hostname="DESKTOP-JA1DH7E"
	OSRelease=" Personal"
	OSVersion=" (Build 22631)"
	OSPlatform="AMD64"
	Is64Bits="1"
	VendorString="GenuineIntel"
	VendorID="Intel Corporation"
	FamilyID="6"
	ModelID="14"
	ProcessorCacheSize="-1"
	NumberOfLogicalCPU="6"
	NumberOfPhysicalCPU="6"
	TotalVirtualMemory="16216"
	TotalPhysicalMemory="8108"
	LogicalProcessorsPerPhysical="1"
	ProcessorClockFrequency="2904"
	>
	<Testing>
		<StartDateTime>Sep 23 16:37 V[NON-UTF-8-BYTE-0xE4]steuropa, sommartid</StartDateTime>
		<StartTestTime>1727102276</StartTestTime>
		<TestList/>
		<EndDateTime>Sep 23 16:37 V[NON-UTF-8-BYTE-0xE4]steuropa, sommartid</EndDateTime>
		<EndTestTime>1727102276</EndTestTime>
		<ElapsedMinutes>0</ElapsedMinutes>
	</Testing>
</Site>
